<?xml version="1.0" encoding="UTF-8"?>
<!-- Generated by org.testng.reporters.JUnitReportReporter -->
<testsuite hostname="ENG-LNO-DT002" failures="0" tests="1" name="com.inetbanking.Testcases.Tc_Login_001" time="21.888" errors="0" timestamp="2022-08-25T17:09:29 IST" skipped="0">
  <testcase classname="com.inetbanking.Testcases.Tc_Login_001" name="LoginTest" time="21.888"/>
  <system-out/>
</testsuite> <!-- com.inetbanking.Testcases.Tc_Login_001 -->
